gcc -std=c99 -Wall -Wconversion -Wtype-limits -pedantic -Werror -O2 -g src/*.c pruebas_chanutron.o -o pruebas_chanutron
valgrind --leak-check=full --track-origins=yes --show-reachable=yes --error-exitcode=2 --show-leak-kinds=all --trace-children=yes ./pruebas_chanutron
==91232== Memcheck, a memory error detector
==91232== Copyright (C) 2002-2017, and GNU GPL'd, by Julian Seward et al.
==91232== Using Valgrind-3.18.1 and LibVEX; rerun with -h for copyright info
==91232== Command: ./pruebas_chanutron
==91232== 
[33;1m
Pruebas con lista vacía
========================[37;1m
[32;1m✓ [37;1mPuedo crear una lista
[32;1m✓ [37;1mLa lista recien creada está vacía
[32;1m✓ [37;1mUna lista recien creada contiene 0 elementos
[32;1m✓ [37;1mEl primer elemento de una lista vacía es NULL
[32;1m✓ [37;1mEl último elemento de una lista vacía es NULL
[32;1m✓ [37;1mBorrar al final de una lista sin elementos devuelve NULL
[32;1m✓ [37;1mBorrar en una posicion arbitraria de una lista sin elementos devuelve NULL
[32;1m✓ [37;1mPedir una posicion arbitraria a una lista sin elementos devuelve NULL
==91240== 
==91240== HEAP SUMMARY:
==91240==     in use at exit: 0 bytes in 0 blocks
==91240==   total heap usage: 2 allocs, 2 frees, 4,112 bytes allocated
==91240== 
==91240== All heap blocks were freed -- no leaks are possible
==91240== 
==91240== For lists of detected and suppressed errors, rerun with: -s
==91240== ERROR SUMMARY: 0 errors from 0 contexts (suppressed: 0 from 0)
[33;1m
Pruebas de inserción
=====================[37;1m
[32;1m✓ [37;1mInsertar un elemento al final devuelve la lista
[32;1m✓ [37;1mLa lista tiene 1 elemento
[32;1m✓ [37;1mLa lista no está vacía
[32;1m✓ [37;1mInsertar un elemento al inicio devuelve la lista
[32;1m✓ [37;1mLa lista tiene 2 elementos
[32;1m✓ [37;1mInsertar un elemento en el medio devuelve la lista
[32;1m✓ [37;1mLa lista tiene 3 elementos
[32;1m✓ [37;1mInsertar un elemento en la posición 100 devuelve la lista
[32;1m✓ [37;1mLa lista tiene 4 elementos
[32;1m✓ [37;1mInsertar un elemento en la posición 2 devuelve la lista
[32;1m✓ [37;1mLa lista tiene 5 elementos
[32;1m✓ [37;1mInsertar un elemento en la posición 4 devuelve la lista
[32;1m✓ [37;1mLa lista tiene 6 elementos
[32;1m✓ [37;1mInsertar un elemento en la posición 6 devuelve la lista
[32;1m✓ [37;1mLa lista tiene 7 elementos
[32;1m✓ [37;1mEl primer elemento de la lista es el correcto
[32;1m✓ [37;1mEl elemento en la posición 0 es el correcto
[32;1m✓ [37;1mEl elemento en la posición 1 es el correcto
[32;1m✓ [37;1mEl elemento en la posición 2 es el correcto
[32;1m✓ [37;1mEl elemento en la posición 3 es el correcto
[32;1m✓ [37;1mEl elemento en la posición 4 es el correcto
[32;1m✓ [37;1mEl elemento en la posición 5 es el correcto
[32;1m✓ [37;1mEl elemento en la posición 6 es el correcto
[32;1m✓ [37;1mEl ultimo elemento es el correcto
==91241== 
==91241== HEAP SUMMARY:
==91241==     in use at exit: 0 bytes in 0 blocks
==91241==   total heap usage: 9 allocs, 9 frees, 4,224 bytes allocated
==91241== 
==91241== All heap blocks were freed -- no leaks are possible
==91241== 
==91241== For lists of detected and suppressed errors, rerun with: -s
==91241== ERROR SUMMARY: 0 errors from 0 contexts (suppressed: 0 from 0)
[33;1m
Pruebas de borrar un solo elemento
==================================[37;1m
[32;1m✓ [37;1mPuedo borrar un elemento en una lista con un elemento
[32;1m✓ [37;1mBorrar el único elemento de la lista la deja vacía
[32;1m✓ [37;1mUna lista vacía tiene 0 elementos
[32;1m✓ [37;1mEl ultimo elemento de una lista vacía es NULL
[32;1m✓ [37;1mNo se puede borrar de una lista vacía
[32;1m✓ [37;1mPuedo insertar un elemento en una lista con un elemento borrado
[32;1m✓ [37;1mAl insertar un elemento la lista debe contener un elemento
[32;1m✓ [37;1mPuedo borrar un elemento de la lista
[32;1m✓ [37;1mAl borrar el elemento la lista queda con 0 elementos
==91242== 
==91242== HEAP SUMMARY:
==91242==     in use at exit: 0 bytes in 0 blocks
==91242==   total heap usage: 4 allocs, 4 frees, 4,144 bytes allocated
==91242== 
==91242== All heap blocks were freed -- no leaks are possible
==91242== 
==91242== For lists of detected and suppressed errors, rerun with: -s
==91242== ERROR SUMMARY: 0 errors from 0 contexts (suppressed: 0 from 0)
[33;1m
Pruebas de borrado en posicion arbitraria
=========================================[37;1m
[32;1m✓ [37;1mPuedo borrar un elemento en una posición mayo a la cantidad de elementos
[32;1m✓ [37;1mEl último elemento es el correcto luego de borrar
[32;1m✓ [37;1mEl elemento en la última posición es el mismo que el de la última posición
[32;1m✓ [37;1mLuego de borrar queda la cantidad correcta de elementos en la lista
[32;1m✓ [37;1mPuedo borrar el elemento en posición 0
[32;1m✓ [37;1mEl primer elemento de la lista es el correcto luego de borrar
[32;1m✓ [37;1mEl elemento en posición 0 es el mismo que el primero
[32;1m✓ [37;1mLuego de borrar queda la cantidad correcta de elementos en la lista
[32;1m✓ [37;1mPuedo borrar el elemento en posición 1
[32;1m✓ [37;1mLuego de borrar queda la cantidad correcta de elementos en la lista
[32;1m✓ [37;1mEl elemento en posición 1 es el correcto
[32;1m✓ [37;1mPuedo borrar el ultimo elemento
[32;1m✓ [37;1mLuego de borrar queda la cantidad correcta de elementos en la lista
[32;1m✓ [37;1mEl ultimo elemento el correcto
==91243== 
==91243== HEAP SUMMARY:
==91243==     in use at exit: 0 bytes in 0 blocks
==91243==   total heap usage: 9 allocs, 9 frees, 4,224 bytes allocated
==91243== 
==91243== All heap blocks were freed -- no leaks are possible
==91243== 
==91243== For lists of detected and suppressed errors, rerun with: -s
==91243== ERROR SUMMARY: 0 errors from 0 contexts (suppressed: 0 from 0)
[33;1m
Pruebas de insercion y borrado siempre al final
===============================================[37;1m
[32;1m✓ [37;1mPuedo insertar varias veces al final de una lista
[32;1m✓ [37;1mPuedo borrar todos los elementos borrando siempre el último
[32;1m✓ [37;1mLos elementos borrados se encontraban en el orden esperado
[32;1m✓ [37;1mLa lista quedó vacía después de eliminar todo
[32;1m✓ [37;1mPuedo volver a insertar varias veces al final de la lista
==91244== 
==91244== HEAP SUMMARY:
==91244==     in use at exit: 0 bytes in 0 blocks
==91244==   total heap usage: 42 allocs, 42 frees, 4,752 bytes allocated
==91244== 
==91244== All heap blocks were freed -- no leaks are possible
==91244== 
==91244== For lists of detected and suppressed errors, rerun with: -s
==91244== ERROR SUMMARY: 0 errors from 0 contexts (suppressed: 0 from 0)
[33;1m
Pruebas de insercion y borrado siempre al inicio
================================================[37;1m
[32;1m✓ [37;1mPuedo insertar varias veces al inicio de una lista
[32;1m✓ [37;1mPuedo borrar todos los elementos borrando siempre el primero
[32;1m✓ [37;1mLos elementos borrados se encontraban en el orden esperado
[32;1m✓ [37;1mLa lista quedó vacía después de eliminar todo
[32;1m✓ [37;1mPuedo volver a insertar varias veces al inicio de la lista
==91245== 
==91245== HEAP SUMMARY:
==91245==     in use at exit: 0 bytes in 0 blocks
==91245==   total heap usage: 42 allocs, 42 frees, 4,752 bytes allocated
==91245== 
==91245== All heap blocks were freed -- no leaks are possible
==91245== 
==91245== For lists of detected and suppressed errors, rerun with: -s
==91245== ERROR SUMMARY: 0 errors from 0 contexts (suppressed: 0 from 0)
[33;1m
Pruebas con NULL
================[37;1m
[32;1m✓ [37;1mUna lista nula es vacía
[32;1m✓ [37;1mUna lista nula tiene 0 elementos
[32;1m✓ [37;1mEl primer elemento de una lista nula es nulo
[32;1m✓ [37;1mEl ultimo elemento de una lista nula es nulo
[32;1m✓ [37;1mUn elemento arbitrario de una lista nula es nulo
[32;1m✓ [37;1mEs un error borrar del final de una lista nula
[32;1m✓ [37;1mEs un error borrar del inicio de una lista nula
[32;1m✓ [37;1mEs un error borrar de cualquier posición de una lista nula
[32;1m✓ [37;1mEs un error insertar al final de una lista nula
[32;1m✓ [37;1mEs un error insertar en cualquier posición de una lista nula
[32;1m✓ [37;1mEs un error insertar al inicio de una lista nula
[32;1m✓ [37;1mUn iterador de una lista nula es nulo
[32;1m✓ [37;1mRecorrer una lista nulo con el iterador interno recorre 0 elementos
==91246== 
==91246== HEAP SUMMARY:
==91246==     in use at exit: 0 bytes in 0 blocks
==91246==   total heap usage: 1 allocs, 1 frees, 4,096 bytes allocated
==91246== 
==91246== All heap blocks were freed -- no leaks are possible
==91246== 
==91246== For lists of detected and suppressed errors, rerun with: -s
==91246== ERROR SUMMARY: 0 errors from 0 contexts (suppressed: 0 from 0)
[33;1m
Pruebas con muchos elementos
============================[37;1m
[32;1m✓ [37;1mSe pueden insertar exitosamente 5k elementos en la lista
[32;1m✓ [37;1mSe pueden borrar 1k elementos del inicio de la lista
[32;1m✓ [37;1mSe pueden borrar 1k elementos del medio de la lista
[32;1m✓ [37;1mSe pueden borrar 3k elementos del final de la lista
==91253== 
==91253== HEAP SUMMARY:
==91253==     in use at exit: 0 bytes in 0 blocks
==91253==   total heap usage: 5,002 allocs, 5,002 frees, 84,112 bytes allocated
==91253== 
==91253== All heap blocks were freed -- no leaks are possible
==91253== 
==91253== For lists of detected and suppressed errors, rerun with: -s
==91253== ERROR SUMMARY: 0 errors from 0 contexts (suppressed: 0 from 0)
[33;1m
Pruebas de insercion en posicion arbitraria
===========================================[37;1m
[32;1m✓ [37;1mPuedo insertar elementos en posiciones inexistentes en una lista vacía
[32;1m✓ [37;1mEl elemento insertado queda en posición 0
[32;1m✓ [37;1mPuedo insertar elementos en posiciones inexistentes en una lista con un elemento
[32;1m✓ [37;1mEl elemento insertado queda en posición 1
[32;1m✓ [37;1mPuedo insertar un elemento en la posición 0 de la lista
[32;1m✓ [37;1mEl elemento insertado queda en posición 0
[32;1m✓ [37;1mEl elemento que estaba en la posición 0 ahora está en la 1
[32;1m✓ [37;1mEl elemento que estaba en la posición 1 ahora está en la 2
[32;1m✓ [37;1mPuedo insertar un elemento en la posición 1 de la lista
[32;1m✓ [37;1mEl elemento insertado queda en posición 1
[32;1m✓ [37;1mEl elemento que estaba en la posición 1 ahora está en la 2
[32;1m✓ [37;1mEl elemento que estaba en la posición 2 ahora está en la 3
==91264== 
==91264== HEAP SUMMARY:
==91264==     in use at exit: 0 bytes in 0 blocks
==91264==   total heap usage: 6 allocs, 6 frees, 4,176 bytes allocated
==91264== 
==91264== All heap blocks were freed -- no leaks are possible
==91264== 
==91264== For lists of detected and suppressed errors, rerun with: -s
==91264== ERROR SUMMARY: 0 errors from 0 contexts (suppressed: 0 from 0)
[33;1m
Pruebas de iterador externo
===========================[37;1m
[32;1m✓ [37;1mPuedo crear un iterador con una lista vacía
[32;1m✓ [37;1mEl iterador de una lista vacía no tiene siguiente
[32;1m✓ [37;1mEl elemento actual de un iterador de lista vacía siempre es NULL
[32;1m✓ [37;1mEl elemento actual de un iterador de lista vacía siempre es NULL (otra vez)
[32;1m✓ [37;1mEl iterador de una lista vacía no puede avanzar
[32;1m✓ [37;1mEl iterador de una lista vacía no tiene siguiente luego de avanzar
[32;1m✓ [37;1mEl elemento actual de un iterador de lista vacía siempre es NULL aun despues de avanzar
[32;1m✓ [37;1mPuedo crear un iterador con una lista no vacía
[32;1m✓ [37;1mEl iterador de una lista no vacía tiene siguiente
[32;1m✓ [37;1mEl elemento actual de un iterador de lista no vacía es el primer elemento
[32;1m✓ [37;1mPuedo avanzar el iterador de una lista no vacía
[32;1m✓ [37;1mEl elemento actual del iterador es el correcto
[32;1m✓ [37;1mAvanzar el iterador devuelve TRUE si no estoy en el último elemento
[32;1m✓ [37;1mEl elemento actual del iterador es el correcto
[32;1m✓ [37;1mAvanzar el iterador devuelve TRUE si no estoy en el último elemento
[32;1m✓ [37;1mEl elemento actual del iterador es el correcto
[32;1m✓ [37;1mAvanzar el iterador devuelve TRUE si no estoy en el último elemento
[32;1m✓ [37;1mEl elemento actual del iterador es el correcto
[32;1m✓ [37;1mAvanzar el iterador devuelve TRUE si no estoy en el último elemento
[32;1m✓ [37;1mEl elemento actual del iterador es el correcto
[32;1m✓ [37;1mAvanzar el iterador devuelve TRUE si no estoy en el último elemento
[32;1m✓ [37;1mEl elemento actual del iterador es el correcto
[32;1m✓ [37;1mAvanzar el iterador devuelve TRUE si no estoy en el último elemento
[32;1m✓ [37;1mEl elemento actual del iterador es el correcto
[32;1m✓ [37;1mAvanzar el iterador devuelve TRUE si no estoy en el último elemento
[32;1m✓ [37;1mEl elemento actual del iterador es el correcto
[31;1m✗ [37;1mAvanzar el iterador devuelve FALSE si estoy en el último elemento
[32;1m✓ [37;1mAl iterar, se iteran exactamente la misma cantidad de elementos de la lista
[32;1m✓ [37;1mEl elemento actual del iterador es NULL
==91265== 
==91265== HEAP SUMMARY:
==91265==     in use at exit: 0 bytes in 0 blocks
==91265==   total heap usage: 16 allocs, 16 frees, 4,336 bytes allocated
==91265== 
==91265== All heap blocks were freed -- no leaks are possible
==91265== 
==91265== For lists of detected and suppressed errors, rerun with: -s
==91265== ERROR SUMMARY: 0 errors from 0 contexts (suppressed: 0 from 0)
[33;1m
Pruebas de iterador interno
===========================[37;1m
[32;1m✓ [37;1mNo puedo iterar una lista sin función de iteración
[32;1m✓ [37;1mEl elemento iterado coincide con el valor esperado
[32;1m✓ [37;1mEl elemento iterado coincide con el valor esperado
[32;1m✓ [37;1mEl elemento iterado coincide con el valor esperado
[32;1m✓ [37;1mEl elemento iterado coincide con el valor esperado
[32;1m✓ [37;1mEl elemento iterado coincide con el valor esperado
[32;1m✓ [37;1mEl elemento iterado coincide con el valor esperado
[32;1m✓ [37;1mEl elemento iterado coincide con el valor esperado
[32;1m✓ [37;1mEl elemento iterado coincide con el valor esperado
[32;1m✓ [37;1mSe iteraron todos los elementos esperados
[32;1m✓ [37;1mSe iteraron todos los elementos esperados
==91266== 
==91266== HEAP SUMMARY:
==91266==     in use at exit: 0 bytes in 0 blocks
==91266==   total heap usage: 10 allocs, 10 frees, 4,240 bytes allocated
==91266== 
==91266== All heap blocks were freed -- no leaks are possible
==91266== 
==91266== For lists of detected and suppressed errors, rerun with: -s
==91266== ERROR SUMMARY: 0 errors from 0 contexts (suppressed: 0 from 0)
[33;1m
Pruebas de búsqueda
====================[37;1m
[32;1m✓ [37;1mBuscar un elemento en una lista vacía resulta en NULL
[32;1m✓ [37;1mBuscar el primer elemento de la lista encuentra el elemento
[32;1m✓ [37;1mBuscar el ultimo elemento de la lista encuentra el elemento
[32;1m✓ [37;1mBuscar un elemento la lista encuentra el elemento
[32;1m✓ [37;1mBuscar un elemento inexistente la lista devuelve NULL
[32;1m✓ [37;1mBuscar un elemento con una función NULL devuelve NULL
[32;1m✓ [37;1mBuscar un elemento usando un contexto NULL funciona correctamente
==91267== 
==91267== HEAP SUMMARY:
==91267==     in use at exit: 0 bytes in 0 blocks
==91267==   total heap usage: 12 allocs, 12 frees, 4,272 bytes allocated
==91267== 
==91267== All heap blocks were freed -- no leaks are possible
==91267== 
==91267== For lists of detected and suppressed errors, rerun with: -s
==91267== ERROR SUMMARY: 0 errors from 0 contexts (suppressed: 0 from 0)
[33;1m
Pruebas de destruir todo
========================[37;1m
[32;1m✓ [37;1mDestruir todo destruye todos los elementos
[32;1m✓ [37;1mDestruir todo con función NULL no destruye todos los elementos
[32;1m✓ [37;1mDestruir todo con lista NULL no es un error
==91268== 
==91268== HEAP SUMMARY:
==91268==     in use at exit: 0 bytes in 0 blocks
==91268==   total heap usage: 23 allocs, 23 frees, 4,448 bytes allocated
==91268== 
==91268== All heap blocks were freed -- no leaks are possible
==91268== 
==91268== For lists of detected and suppressed errors, rerun with: -s
==91268== ERROR SUMMARY: 0 errors from 0 contexts (suppressed: 0 from 0)
[33;1m
Pruebas de pila (La implementaste con la lista, ¿No?)
======================================================[37;1m
[32;1m✓ [37;1mPuedo apilar algunos valores en la pila
[32;1m✓ [37;1mEl tope de la pila es el esperado
[32;1m✓ [37;1mPuedo desapilar el elemento y es el correcto
[32;1m✓ [37;1mEl tope de la pila es el esperado
[32;1m✓ [37;1mPuedo desapilar el elemento y es el correcto
[32;1m✓ [37;1mEl tope de la pila es el esperado
[32;1m✓ [37;1mPuedo desapilar el elemento y es el correcto
[32;1m✓ [37;1mEl tope de la pila es el esperado
[32;1m✓ [37;1mPuedo desapilar el elemento y es el correcto
[32;1m✓ [37;1mEl tope de la pila es el esperado
[32;1m✓ [37;1mPuedo desapilar el elemento y es el correcto
[32;1m✓ [37;1mEl tope de la pila es el esperado
[32;1m✓ [37;1mPuedo desapilar el elemento y es el correcto
[32;1m✓ [37;1mEl tope de la pila es el esperado
[32;1m✓ [37;1mPuedo desapilar el elemento y es el correcto
[32;1m✓ [37;1mEl tope de la pila es el esperado
[32;1m✓ [37;1mPuedo desapilar el elemento y es el correcto
[32;1m✓ [37;1mEl tope de la pila es el esperado
[32;1m✓ [37;1mPuedo desapilar el elemento y es el correcto
[32;1m✓ [37;1mEl tope de la pila es el esperado
[32;1m✓ [37;1mPuedo desapilar el elemento y es el correcto
[32;1m✓ [37;1mEl tope de la pila es el esperado
[32;1m✓ [37;1mPuedo desapilar el elemento y es el correcto
[32;1m✓ [37;1mEl tope de la pila es el esperado
[32;1m✓ [37;1mPuedo desapilar el elemento y es el correcto
==91269== 
==91269== HEAP SUMMARY:
==91269==     in use at exit: 0 bytes in 0 blocks
==91269==   total heap usage: 14 allocs, 14 frees, 4,312 bytes allocated
==91269== 
==91269== All heap blocks were freed -- no leaks are possible
==91269== 
==91269== For lists of detected and suppressed errors, rerun with: -s
==91269== ERROR SUMMARY: 0 errors from 0 contexts (suppressed: 0 from 0)
[33;1m
Pruebas de cola (La implementaste con la lista, ¿No?)
======================================================[37;1m
[32;1m✓ [37;1mPuedo encolar algunos valores en la cola
[32;1m✓ [37;1mEl primer elemento de la cola es el esperado
[32;1m✓ [37;1mPuedo desencolar el elemento
[32;1m✓ [37;1mEl primer elemento de la cola es el esperado
[32;1m✓ [37;1mPuedo desencolar el elemento
[32;1m✓ [37;1mEl primer elemento de la cola es el esperado
[32;1m✓ [37;1mPuedo desencolar el elemento
[32;1m✓ [37;1mEl primer elemento de la cola es el esperado
[32;1m✓ [37;1mPuedo desencolar el elemento
[32;1m✓ [37;1mEl primer elemento de la cola es el esperado
[32;1m✓ [37;1mPuedo desencolar el elemento
[32;1m✓ [37;1mEl primer elemento de la cola es el esperado
[32;1m✓ [37;1mPuedo desencolar el elemento
[32;1m✓ [37;1mEl primer elemento de la cola es el esperado
[32;1m✓ [37;1mPuedo desencolar el elemento
[32;1m✓ [37;1mEl primer elemento de la cola es el esperado
[32;1m✓ [37;1mPuedo desencolar el elemento
==91270== 
==91270== HEAP SUMMARY:
==91270==     in use at exit: 0 bytes in 0 blocks
==91270==   total heap usage: 10 allocs, 10 frees, 4,248 bytes allocated
==91270== 
==91270== All heap blocks were freed -- no leaks are possible
==91270== 
==91270== For lists of detected and suppressed errors, rerun with: -s
==91270== ERROR SUMMARY: 0 errors from 0 contexts (suppressed: 0 from 0)
[33;1m
------------ MÁS PRUEBAS DEL TDA LISTA ------------
====================================================[37;1m
==91271== 
==91271== HEAP SUMMARY:
==91271==     in use at exit: 0 bytes in 0 blocks
==91271==   total heap usage: 1 allocs, 1 frees, 4,096 bytes allocated
==91271== 
==91271== All heap blocks were freed -- no leaks are possible
==91271== 
==91271== For lists of detected and suppressed errors, rerun with: -s
==91271== ERROR SUMMARY: 0 errors from 0 contexts (suppressed: 0 from 0)
[33;1m
PRUEBAS DE CREACIÓN Y DESTRUCCIÓN
===================================[37;1m
[33;1m
Destruir lista NULL no genera error
===================================[37;1m
[32;1m✓ [37;1mSe envia una lista nula a lista_destruir y no se genera error
==91273== 
==91273== HEAP SUMMARY:
==91273==     in use at exit: 0 bytes in 0 blocks
==91273==   total heap usage: 1 allocs, 1 frees, 4,096 bytes allocated
==91273== 
==91273== All heap blocks were freed -- no leaks are possible
==91273== 
==91273== For lists of detected and suppressed errors, rerun with: -s
==91273== ERROR SUMMARY: 0 errors from 0 contexts (suppressed: 0 from 0)
[33;1m
Pruebas de crear y destruir una lista
=====================================[37;1m
[32;1m✓ [37;1mSe crea la lista.
[32;1m✓ [37;1mEl tamaño de la lista es 0
[32;1m✓ [37;1mLa lista está vacía
==91274== 
==91274== HEAP SUMMARY:
==91274==     in use at exit: 0 bytes in 0 blocks
==91274==   total heap usage: 2 allocs, 2 frees, 4,112 bytes allocated
==91274== 
==91274== All heap blocks were freed -- no leaks are possible
==91274== 
==91274== For lists of detected and suppressed errors, rerun with: -s
==91274== ERROR SUMMARY: 0 errors from 0 contexts (suppressed: 0 from 0)
==91272== 
==91272== HEAP SUMMARY:
==91272==     in use at exit: 0 bytes in 0 blocks
==91272==   total heap usage: 1 allocs, 1 frees, 4,096 bytes allocated
==91272== 
==91272== All heap blocks were freed -- no leaks are possible
==91272== 
==91272== For lists of detected and suppressed errors, rerun with: -s
==91272== ERROR SUMMARY: 0 errors from 0 contexts (suppressed: 0 from 0)
[33;1m
PRUEBAS DE INSERCIÓN
=====================[37;1m
[33;1m
Lista NULL
==========[37;1m
[32;1m✓ [37;1mNo se puede insertar en una lista inválida.
==91276== 
==91276== HEAP SUMMARY:
==91276==     in use at exit: 0 bytes in 0 blocks
==91276==   total heap usage: 1 allocs, 1 frees, 4,096 bytes allocated
==91276== 
==91276== All heap blocks were freed -- no leaks are possible
==91276== 
==91276== For lists of detected and suppressed errors, rerun with: -s
==91276== ERROR SUMMARY: 0 errors from 0 contexts (suppressed: 0 from 0)
[33;1m
Insertar un elemento
====================[37;1m
[32;1m✓ [37;1mEs posible insertar un elemento en la lista
[32;1m✓ [37;1mEs posible insertar un elemento nulo en la lista
[32;1m✓ [37;1mEs posible insertar un elemento que vive en el heap en la lista
==91277== 
==91277== HEAP SUMMARY:
==91277==     in use at exit: 0 bytes in 0 blocks
==91277==   total heap usage: 8 allocs, 8 frees, 4,196 bytes allocated
==91277== 
==91277== All heap blocks were freed -- no leaks are possible
==91277== 
==91277== For lists of detected and suppressed errors, rerun with: -s
==91277== ERROR SUMMARY: 0 errors from 0 contexts (suppressed: 0 from 0)
[33;1m
Insertar varios elementos
=========================[37;1m
[32;1m✓ [37;1mEs posible insertar un elemento en la lista
[32;1m✓ [37;1mEs posible insertar otro elemento en la lista
[32;1m✓ [37;1mEs posible insertar otro elemento en la lista
[32;1m✓ [37;1mEs posible insertar otro elemento en la lista
[32;1m✓ [37;1mEs posible insertar otro elemento en la lista
[32;1m✓ [37;1mEs posible insertar un elemento repetido en la lista
[32;1m✓ [37;1mEl primer elemento de la lista es el correcto
[32;1m✓ [37;1mEl segundo elemento de la lista es el correcto
[32;1m✓ [37;1mEl cuarto elemento de la lista es el correcto
[32;1m✓ [37;1mEl último elemento de la lista es el correcto
[32;1m✓ [37;1mEl tercer elemento no está en la quinta posición
==91278== 
==91278== HEAP SUMMARY:
==91278==     in use at exit: 0 bytes in 0 blocks
==91278==   total heap usage: 8 allocs, 8 frees, 4,208 bytes allocated
==91278== 
==91278== All heap blocks were freed -- no leaks are possible
==91278== 
==91278== For lists of detected and suppressed errors, rerun with: -s
==91278== ERROR SUMMARY: 0 errors from 0 contexts (suppressed: 0 from 0)
[33;1m
Insertar un elemento en posicion
================================[37;1m
[32;1m✓ [37;1mEs posible insertar un elemento en la primera posición de una lista vacía
[32;1m✓ [37;1mEl elemento está en la posición 0
[32;1m✓ [37;1mEs posible insertar un elemento nulo en la primera posicion de una lista vacía
[32;1m✓ [37;1mEl elemento está en la posición 0
[32;1m✓ [37;1mEs posible insertar un elemento que vive en el heap en la primera posición de una lista vacía
[32;1m✓ [37;1mEl elemento está en la posición 0
[32;1m✓ [37;1mEs posible insertar un elemento en la posición 14 de una lista vacía
[32;1m✓ [37;1mEl elemento no está en la posición 14
[32;1m✓ [37;1mEl elemento está en la posición 0
==91279== 
==91279== HEAP SUMMARY:
==91279==     in use at exit: 0 bytes in 0 blocks
==91279==   total heap usage: 10 allocs, 10 frees, 4,228 bytes allocated
==91279== 
==91279== All heap blocks were freed -- no leaks are possible
==91279== 
==91279== For lists of detected and suppressed errors, rerun with: -s
==91279== ERROR SUMMARY: 0 errors from 0 contexts (suppressed: 0 from 0)
[33;1m
Insertar varios elementos en posicion
=====================================[37;1m
[32;1m✓ [37;1mEs posible insertar un elemento en la lista
[32;1m✓ [37;1mEs posible insertar otro elemento en la lista
[32;1m✓ [37;1mEs posible insertar otro elemento en la lista
[32;1m✓ [37;1mEs posible insertar otro elemento en la lista
[32;1m✓ [37;1mEs posible insertar otro elemento en la lista
[32;1m✓ [37;1mEs posible insertar un elemento repetido en la lista
[32;1m✓ [37;1mEl primer elemento de la lista es el correcto
[32;1m✓ [37;1mEl segundo elemento de la lista es el correcto
[32;1m✓ [37;1mEl tercer elemento no está en la quinta posición
[32;1m✓ [37;1mEl tercer elemento está en la tercera posición
[32;1m✓ [37;1mEl cuarto elemento de la lista es el correcto
[32;1m✓ [37;1mEl quinto elemento está en la quinta posición
[32;1m✓ [37;1mEl último elemento de la lista es el correcto
[32;1m✓ [37;1mEs posible insertar un elemento nuevo al principio de la lista
[32;1m✓ [37;1mEl primer elemento es el que acabo de insertar
[32;1m✓ [37;1mEl segundo elemento de la lista es el que antes era el primero. Se movió correctamente
[32;1m✓ [37;1mEs posible insertar un elemento nuevo en una posición inexistente de la lista
[32;1m✓ [37;1mLa posición inexistente no posee elementos
[32;1m✓ [37;1mEl elemento se insertó en la última posición disponible
[32;1m✓ [37;1mEl elemento que antes era el último no se movió
[32;1m✓ [37;1mEs posible insertar un elemento nuevo en una posición intermedia de la lista
[32;1m✓ [37;1mEse elemento está en la posición correcta de la lista
[32;1m✓ [37;1mEl elemento anterior es el correcto
[32;1m✓ [37;1mEl siguiente elemento es el correcto
==91280== 
==91280== HEAP SUMMARY:
==91280==     in use at exit: 0 bytes in 0 blocks
==91280==   total heap usage: 11 allocs, 11 frees, 4,256 bytes allocated
==91280== 
==91280== All heap blocks were freed -- no leaks are possible
==91280== 
==91280== For lists of detected and suppressed errors, rerun with: -s
==91280== ERROR SUMMARY: 0 errors from 0 contexts (suppressed: 0 from 0)
==91275== 
==91275== HEAP SUMMARY:
==91275==     in use at exit: 0 bytes in 0 blocks
==91275==   total heap usage: 1 allocs, 1 frees, 4,096 bytes allocated
==91275== 
==91275== All heap blocks were freed -- no leaks are possible
==91275== 
==91275== For lists of detected and suppressed errors, rerun with: -s
==91275== ERROR SUMMARY: 0 errors from 0 contexts (suppressed: 0 from 0)
[33;1m
PRUEBAS DE ELIMINACIÓN
=======================[37;1m
[33;1m
Lista nula y vacia
==================[37;1m
[32;1m✓ [37;1mNo se puede eliminar de una lista nula
[32;1m✓ [37;1mNo se puede eliminar de una lista vacía
==91282== 
==91282== HEAP SUMMARY:
==91282==     in use at exit: 0 bytes in 0 blocks
==91282==   total heap usage: 2 allocs, 2 frees, 4,112 bytes allocated
==91282== 
==91282== All heap blocks were freed -- no leaks are possible
==91282== 
==91282== For lists of detected and suppressed errors, rerun with: -s
==91282== ERROR SUMMARY: 0 errors from 0 contexts (suppressed: 0 from 0)
[33;1m
Eliminar un elemento
====================[37;1m
[32;1m✓ [37;1mSe tiene una lista con un elemento. El tamaño de la misma es 1
[32;1m✓ [37;1mLa lista no está vacía
[32;1m✓ [37;1mEs posible eliminar este elemento
[32;1m✓ [37;1mEl tamaño de la lista ahora es 0
[32;1m✓ [37;1mLa lista está vacía
==91283== 
==91283== HEAP SUMMARY:
==91283==     in use at exit: 0 bytes in 0 blocks
==91283==   total heap usage: 3 allocs, 3 frees, 4,128 bytes allocated
==91283== 
==91283== All heap blocks were freed -- no leaks are possible
==91283== 
==91283== For lists of detected and suppressed errors, rerun with: -s
==91283== ERROR SUMMARY: 0 errors from 0 contexts (suppressed: 0 from 0)
[33;1m
Eliminar varios elementos iguales
=================================[37;1m
[32;1m✓ [37;1mSe tiene una lista con 500 elementos
[32;1m✓ [37;1mLa lista no está vacía
[32;1m✓ [37;1mEs posible eliminar un elemento
[32;1m✓ [37;1mEl tamaño de la lista ahora es 499
[32;1m✓ [37;1mEs posible eliminar 498 de los elementos restantes
[32;1m✓ [37;1mEl tamaño de la lista ahora es 1
[32;1m✓ [37;1mEs posible eliminar el último elemento
[32;1m✓ [37;1mEl tamaño de la lista ahora es 0
[32;1m✓ [37;1mLa lista está vacía
==91284== 
==91284== HEAP SUMMARY:
==91284==     in use at exit: 0 bytes in 0 blocks
==91284==   total heap usage: 502 allocs, 502 frees, 12,112 bytes allocated
==91284== 
==91284== All heap blocks were freed -- no leaks are possible
==91284== 
==91284== For lists of detected and suppressed errors, rerun with: -s
==91284== ERROR SUMMARY: 0 errors from 0 contexts (suppressed: 0 from 0)
[33;1m
Agregar, eliminar y volver a agregar
====================================[37;1m
[32;1m✓ [37;1mSe inserta un elemento en la lista y éste está correctamente posicionado
[32;1m✓ [37;1mLa lista tiene un elemento
[32;1m✓ [37;1mSe inserta un elemento en la lista y éste está correctamente posicionado
[32;1m✓ [37;1mSe inserta un elemento en la lista y éste está correctamente posicionado
[32;1m✓ [37;1mSe inserta un elemento en la lista y éste está correctamente posicionado
[32;1m✓ [37;1mLa lista tiene 4 elementos
[32;1m✓ [37;1mSe puede quitar el último elemento
[32;1m✓ [37;1mEl primer elemento se mantiene
[32;1m✓ [37;1mEl segundo elemento se mantiene
[32;1m✓ [37;1mEl tercer elemento se mantiene
[32;1m✓ [37;1mYa no existe la cuarta posición en la lista
[32;1m✓ [37;1mLa lista tiene 3 elementos
[32;1m✓ [37;1mVuelvo a quitar el último elemento
[32;1m✓ [37;1mVuelvo a quitar el último elemento
[32;1m✓ [37;1mEl primer elemento se mantiene
[32;1m✓ [37;1mYa no existe la segunda posición en la lista
[32;1m✓ [37;1mYa no existe la tercera posición en la lista
[32;1m✓ [37;1mLa lista tiene 1 elemento
[32;1m✓ [37;1mReinserto el tercer elemento en la lista.
[32;1m✓ [37;1mEl primer elemento se mantiene
[32;1m✓ [37;1mEl segundo elemento es el correcto
[32;1m✓ [37;1mSigue sin existir la tercera posición en la lista
[32;1m✓ [37;1mLa lista tiene 2 elementos
[32;1m✓ [37;1mSe puede insertar un elemento nuevo en la lista.
[32;1m✓ [37;1mLa lista tiene 3 elementos
==91285== 
==91285== HEAP SUMMARY:
==91285==     in use at exit: 0 bytes in 0 blocks
==91285==   total heap usage: 8 allocs, 8 frees, 4,208 bytes allocated
==91285== 
==91285== All heap blocks were freed -- no leaks are possible
==91285== 
==91285== For lists of detected and suppressed errors, rerun with: -s
==91285== ERROR SUMMARY: 0 errors from 0 contexts (suppressed: 0 from 0)
[33;1m
Lista nula y vacia (ahora con quitar de posicion)
=================================================[37;1m
[32;1m✓ [37;1mNo se puede eliminar (con quitar de posición) de una lista nula
[32;1m✓ [37;1mNo se puede eliminar (con quitar de posición) de una lista vacía
==91286== 
==91286== HEAP SUMMARY:
==91286==     in use at exit: 0 bytes in 0 blocks
==91286==   total heap usage: 2 allocs, 2 frees, 4,112 bytes allocated
==91286== 
==91286== All heap blocks were freed -- no leaks are possible
==91286== 
==91286== For lists of detected and suppressed errors, rerun with: -s
==91286== ERROR SUMMARY: 0 errors from 0 contexts (suppressed: 0 from 0)
[33;1m
Eliminar un elemento de una posicion valida
===========================================[37;1m
[32;1m✓ [37;1mSe tiene una lista con un elemento
[32;1m✓ [37;1mLa lista no está vacía
[32;1m✓ [37;1mSe puede eliminar (con quitar de posición) el único elemento de una lista
[32;1m✓ [37;1mLa cantidad de elementos en la lista es 0
[32;1m✓ [37;1mLa lista está vacía
==91287== 
==91287== HEAP SUMMARY:
==91287==     in use at exit: 0 bytes in 0 blocks
==91287==   total heap usage: 3 allocs, 3 frees, 4,128 bytes allocated
==91287== 
==91287== All heap blocks were freed -- no leaks are possible
==91287== 
==91287== For lists of detected and suppressed errors, rerun with: -s
==91287== ERROR SUMMARY: 0 errors from 0 contexts (suppressed: 0 from 0)
[33;1m
Eliminar un elemento de una posicion inexistente
================================================[37;1m
[32;1m✓ [37;1mSe tiene una lista con un elemento
[32;1m✓ [37;1mLa lista no está vacía
[32;1m✓ [37;1mEliminar un elemento de una posicion inexistente quita el ultimo elemento
[32;1m✓ [37;1mLa cantidad de elementos en la lista es 0
[32;1m✓ [37;1mLa lista está vacía
==91288== 
==91288== HEAP SUMMARY:
==91288==     in use at exit: 0 bytes in 0 blocks
==91288==   total heap usage: 3 allocs, 3 frees, 4,128 bytes allocated
==91288== 
==91288== All heap blocks were freed -- no leaks are possible
==91288== 
==91288== For lists of detected and suppressed errors, rerun with: -s
==91288== ERROR SUMMARY: 0 errors from 0 contexts (suppressed: 0 from 0)
[33;1m
Agregar, eliminar y volver a agregar (ahora con quitar de posicion)
===================================================================[37;1m
[32;1m✓ [37;1mSe tiene una lista con 3 elementos
[32;1m✓ [37;1mLa lista no está vacía
[32;1m✓ [37;1mSe puede eliminar (con quitar de posición) el primer elemento de la lista
[32;1m✓ [37;1mLa cantidad de elementos en la lista es 2
[32;1m✓ [37;1mLa lista no está vacía
[32;1m✓ [37;1mEl nuevo primer elemento es el correcto
[32;1m✓ [37;1mEl nuevo segundo elemento es el correcto
[32;1m✓ [37;1mSe inserta un nuevo elemento al final de la lista
[32;1m✓ [37;1mSe puede eliminar (con quitar de posición) el segundo elemento de la lista
[32;1m✓ [37;1mLa cantidad de elementos en la lista es 2
[32;1m✓ [37;1mLa lista no está vacía
[32;1m✓ [37;1mEl nuevo primer elemento es el correcto
[32;1m✓ [37;1mEl nuevo segundo elemento es el correcto
[32;1m✓ [37;1mEl nuevo primer elemento es el correcto
[32;1m✓ [37;1mEl nuevo segundo elemento es el correcto
[32;1m✓ [37;1mEl nuevo tercer elemento es el correcto
[32;1m✓ [37;1mEl nuevo cuarto elemento es el correcto
[32;1m✓ [37;1mSe insertan dos elementos más al final de la lista. La cantidad de elementos en la lista es 4
[32;1m✓ [37;1mSe eliminaron todos los elementos de la lista correctamente
[32;1m✓ [37;1mLa cantidad de elementos en la lista es 0
[32;1m✓ [37;1mLa lista está vacía
==91289== 
==91289== HEAP SUMMARY:
==91289==     in use at exit: 0 bytes in 0 blocks
==91289==   total heap usage: 8 allocs, 8 frees, 4,208 bytes allocated
==91289== 
==91289== All heap blocks were freed -- no leaks are possible
==91289== 
==91289== For lists of detected and suppressed errors, rerun with: -s
==91289== ERROR SUMMARY: 0 errors from 0 contexts (suppressed: 0 from 0)
==91281== 
==91281== HEAP SUMMARY:
==91281==     in use at exit: 0 bytes in 0 blocks
==91281==   total heap usage: 1 allocs, 1 frees, 4,096 bytes allocated
==91281== 
==91281== All heap blocks were freed -- no leaks are possible
==91281== 
==91281== For lists of detected and suppressed errors, rerun with: -s
==91281== ERROR SUMMARY: 0 errors from 0 contexts (suppressed: 0 from 0)
[33;1m
PRUEBAS DE PRIMERO Y ÚLTIMO
============================[37;1m
[33;1m
Lista nula y vacia
==================[37;1m
[32;1m✓ [37;1mEl primer elemento de una lista nula es NULL
[32;1m✓ [37;1mEl último elemento de una lista nula es NULL
==91298== 
==91298== HEAP SUMMARY:
==91298==     in use at exit: 0 bytes in 0 blocks
==91298==   total heap usage: 1 allocs, 1 frees, 4,096 bytes allocated
==91298== 
==91298== All heap blocks were freed -- no leaks are possible
==91298== 
==91298== For lists of detected and suppressed errors, rerun with: -s
==91298== ERROR SUMMARY: 0 errors from 0 contexts (suppressed: 0 from 0)
[33;1m
Lista valida
============[37;1m
[32;1m✓ [37;1mEl primer elemento de una lista vacía es NULL
[32;1m✓ [37;1mEl último elemento de una lista vacía es NULL
[32;1m✓ [37;1mEl primer elemento de una lista con un elemento es ese elemento
[32;1m✓ [37;1mEl último elemento de una lista con un elemento es ese elemento
[32;1m✓ [37;1mSe inserta un elemento. El primer elemento de una lista con dos elemento es el correcto
[32;1m✓ [37;1mEl último elemento es el correcto
[32;1m✓ [37;1mSe quita el último elemento. El primer elemento de una lista con un elemento es ese elemento
[32;1m✓ [37;1mEl último elemento de una lista con un elemento es ese elemento
[32;1m✓ [37;1mSe inserta un elemento al principio y otro al final. El primer elemento de una lista con dos elemento es el correcto
[32;1m✓ [37;1mEl último elemento es el correcto
[32;1m✓ [37;1mSe eliminan todos los elementos. El primer elemento de una lista vacía es NULL
[32;1m✓ [37;1mEl último elemento de una lista vacía es NULL
==91299== 
==91299== HEAP SUMMARY:
==91299==     in use at exit: 0 bytes in 0 blocks
==91299==   total heap usage: 6 allocs, 6 frees, 4,176 bytes allocated
==91299== 
==91299== All heap blocks were freed -- no leaks are possible
==91299== 
==91299== For lists of detected and suppressed errors, rerun with: -s
==91299== ERROR SUMMARY: 0 errors from 0 contexts (suppressed: 0 from 0)
==91297== 
==91297== HEAP SUMMARY:
==91297==     in use at exit: 0 bytes in 0 blocks
==91297==   total heap usage: 1 allocs, 1 frees, 4,096 bytes allocated
==91297== 
==91297== All heap blocks were freed -- no leaks are possible
==91297== 
==91297== For lists of detected and suppressed errors, rerun with: -s
==91297== ERROR SUMMARY: 0 errors from 0 contexts (suppressed: 0 from 0)
[33;1m
PRUEBAS DE TAMAÑO Y LISTA VACÍA
=================================[37;1m
[33;1m
Lista nula y vacia
==================[37;1m
[32;1m✓ [37;1mEl tamaño de una lista nula es 0
[32;1m✓ [37;1mUna lista nula está vacía
==91301== 
==91301== HEAP SUMMARY:
==91301==     in use at exit: 0 bytes in 0 blocks
==91301==   total heap usage: 1 allocs, 1 frees, 4,096 bytes allocated
==91301== 
==91301== All heap blocks were freed -- no leaks are possible
==91301== 
==91301== For lists of detected and suppressed errors, rerun with: -s
==91301== ERROR SUMMARY: 0 errors from 0 contexts (suppressed: 0 from 0)
[33;1m
Lista valida
============[37;1m
[32;1m✓ [37;1mEl tamaño de una lista recién creada es 0
[32;1m✓ [37;1mUna lista recién creada está vacía
[32;1m✓ [37;1mEl tamaño de una lista con un elemento es 1
[32;1m✓ [37;1mUna lista con un elemento no está vacía
[32;1m✓ [37;1mEl tamaño de una lista con dos elemento es 2
[32;1m✓ [37;1mUna lista con dos elemento no está vacía
[32;1m✓ [37;1mSe elimina un elemento de la lista. El tamaño de una lista con un elemento es 1
[32;1m✓ [37;1mUna lista con un elemento no está vacía
[32;1m✓ [37;1mSe elimina el otro elemento de la lista. El tamaño de una lista sin elementos es 0
[32;1m✓ [37;1mUna lista sin elementos está vacía
==91302== 
==91302== HEAP SUMMARY:
==91302==     in use at exit: 0 bytes in 0 blocks
==91302==   total heap usage: 6 allocs, 6 frees, 4,176 bytes allocated
==91302== 
==91302== All heap blocks were freed -- no leaks are possible
==91302== 
==91302== For lists of detected and suppressed errors, rerun with: -s
==91302== ERROR SUMMARY: 0 errors from 0 contexts (suppressed: 0 from 0)
==91300== 
==91300== HEAP SUMMARY:
==91300==     in use at exit: 0 bytes in 0 blocks
==91300==   total heap usage: 1 allocs, 1 frees, 4,096 bytes allocated
==91300== 
==91300== All heap blocks were freed -- no leaks are possible
==91300== 
==91300== For lists of detected and suppressed errors, rerun with: -s
==91300== ERROR SUMMARY: 0 errors from 0 contexts (suppressed: 0 from 0)
[33;1m
PRUEBAS DEL ITERADOR INTERNO
============================[37;1m
[33;1m
Lista nula
==========[37;1m
[32;1m✓ [37;1mIterar una lista nula devuelve 0.
==91304== 
==91304== HEAP SUMMARY:
==91304==     in use at exit: 0 bytes in 0 blocks
==91304==   total heap usage: 1 allocs, 1 frees, 4,096 bytes allocated
==91304== 
==91304== All heap blocks were freed -- no leaks are possible
==91304== 
==91304== For lists of detected and suppressed errors, rerun with: -s
==91304== ERROR SUMMARY: 0 errors from 0 contexts (suppressed: 0 from 0)
[33;1m
Funcion nula
============[37;1m
[32;1m✓ [37;1mNo se puede aplicar una función nula a la lista.
==91305== 
==91305== HEAP SUMMARY:
==91305==     in use at exit: 0 bytes in 0 blocks
==91305==   total heap usage: 2 allocs, 2 frees, 4,112 bytes allocated
==91305== 
==91305== All heap blocks were freed -- no leaks are possible
==91305== 
==91305== For lists of detected and suppressed errors, rerun with: -s
==91305== ERROR SUMMARY: 0 errors from 0 contexts (suppressed: 0 from 0)
[33;1m
Lista vacia
===========[37;1m
[32;1m✓ [37;1mIterar una lista vacía devuelve 0 elementos iterados.
==91306== 
==91306== HEAP SUMMARY:
==91306==     in use at exit: 0 bytes in 0 blocks
==91306==   total heap usage: 2 allocs, 2 frees, 4,112 bytes allocated
==91306== 
==91306== All heap blocks were freed -- no leaks are possible
==91306== 
==91306== For lists of detected and suppressed errors, rerun with: -s
==91306== ERROR SUMMARY: 0 errors from 0 contexts (suppressed: 0 from 0)
[33;1m
Iterar totalmente la lista
==========================[37;1m
[32;1m✓ [37;1mIterar una lista con elementos en su totalidad devuelve la cantidad de elementos de la lista.
==91307== 
==91307== HEAP SUMMARY:
==91307==     in use at exit: 0 bytes in 0 blocks
==91307==   total heap usage: 5 allocs, 5 frees, 4,160 bytes allocated
==91307== 
==91307== All heap blocks were freed -- no leaks are possible
==91307== 
==91307== For lists of detected and suppressed errors, rerun with: -s
==91307== ERROR SUMMARY: 0 errors from 0 contexts (suppressed: 0 from 0)
[33;1m
Iterar parcialmente la lista
============================[37;1m
[31;1m✗ [37;1mBuscar el primer elemento de la lista con el it interno devuelve 1 elemento iterado
[31;1m✗ [37;1mBuscar el segundo elemento de la lista con el it interno devuelve 2 elementos iterados
[31;1m✗ [37;1mBuscar el tercer elemento de la lista con el it interno devuelve 3 elementos iterados
[31;1m✗ [37;1mSe inserta un elemento al final. Buscar ese elemento con el it interno devuelve 4 elementos iterados
[31;1m✗ [37;1mBuscar el tercer elemento de una lista con 4 elementos con el it interno devuelve 3 elementos iterados
==91308== 
==91308== HEAP SUMMARY:
==91308==     in use at exit: 0 bytes in 0 blocks
==91308==   total heap usage: 6 allocs, 6 frees, 4,176 bytes allocated
==91308== 
==91308== All heap blocks were freed -- no leaks are possible
==91308== 
==91308== For lists of detected and suppressed errors, rerun with: -s
==91308== ERROR SUMMARY: 0 errors from 0 contexts (suppressed: 0 from 0)
==91303== 
==91303== HEAP SUMMARY:
==91303==     in use at exit: 0 bytes in 0 blocks
==91303==   total heap usage: 1 allocs, 1 frees, 4,096 bytes allocated
==91303== 
==91303== All heap blocks were freed -- no leaks are possible
==91303== 
==91303== For lists of detected and suppressed errors, rerun with: -s
==91303== ERROR SUMMARY: 0 errors from 0 contexts (suppressed: 0 from 0)
[33;1m
PRUEBAS DEL ITERADOR EXTERNO
============================[37;1m
[33;1m
Lista nula
==========[37;1m
[32;1m✓ [37;1mNo se puede crear el iterador externo de una lista nula
[32;1m✓ [37;1mNo se puede verificar si un iterador ulo tiene siguiente
[32;1m✓ [37;1mNo se puede avanzar un iterador nulo
[32;1m✓ [37;1mNo se puede verificar el elemento actual de un iterador nulo
[32;1m✓ [37;1mNo hubo problema al intentar destruir un iterador nulo
==91310== 
==91310== HEAP SUMMARY:
==91310==     in use at exit: 0 bytes in 0 blocks
==91310==   total heap usage: 1 allocs, 1 frees, 4,096 bytes allocated
==91310== 
==91310== All heap blocks were freed -- no leaks are possible
==91310== 
==91310== For lists of detected and suppressed errors, rerun with: -s
==91310== ERROR SUMMARY: 0 errors from 0 contexts (suppressed: 0 from 0)
[33;1m
Iterar una lista valida con un iterador externo
===============================================[37;1m
[32;1m✓ [37;1mSe crea un iterador externo
[32;1m✓ [37;1mSe recorren todos los elementos de la lista.
[32;1m✓ [37;1mSe destruye el iterador viejo
[32;1m✓ [37;1mSe crea un nuevo iterador para una lista con 3 elementos, y el iterador tiene siguiente
[32;1m✓ [37;1mEl elemento actual es el primero de la lista
[32;1m✓ [37;1mSe puede avanzar una posición del iterador
[32;1m✓ [37;1mEl elemento actual es el segundo de la lista
[32;1m✓ [37;1mEl iterador esta parado sobre un elemento valido
[32;1m✓ [37;1mSe puede avanzar una posición del iterador
[32;1m✓ [37;1mEl elemento actual es el tercero de la lista
[32;1m✓ [37;1mEl iterador esta parado sobre un elemento valido
[31;1m✗ [37;1mAvanzamos a un elemento que no es valido
[32;1m✓ [37;1mEl iterador ya no esta parado sobre un elemento valido
==91311== 
==91311== HEAP SUMMARY:
==91311==     in use at exit: 0 bytes in 0 blocks
==91311==   total heap usage: 9 allocs, 9 frees, 4,224 bytes allocated
==91311== 
==91311== All heap blocks were freed -- no leaks are possible
==91311== 
==91311== For lists of detected and suppressed errors, rerun with: -s
==91311== ERROR SUMMARY: 0 errors from 0 contexts (suppressed: 0 from 0)
==91309== 
==91309== HEAP SUMMARY:
==91309==     in use at exit: 0 bytes in 0 blocks
==91309==   total heap usage: 1 allocs, 1 frees, 4,096 bytes allocated
==91309== 
==91309== All heap blocks were freed -- no leaks are possible
==91309== 
==91309== For lists of detected and suppressed errors, rerun with: -s
==91309== ERROR SUMMARY: 0 errors from 0 contexts (suppressed: 0 from 0)
[37;1m
---------------------------------
365 pruebas corridas, 7 errores - D:
[0m==91232== 
==91232== HEAP SUMMARY:
==91232==     in use at exit: 0 bytes in 0 blocks
==91232==   total heap usage: 1 allocs, 1 frees, 4,096 bytes allocated
==91232== 
==91232== All heap blocks were freed -- no leaks are possible
==91232== 
==91232== For lists of detected and suppressed errors, rerun with: -s
==91232== ERROR SUMMARY: 0 errors from 0 contexts (suppressed: 0 from 0)
make: *** [makefile:8: valgrind-chanutron] Error 2
